app/build/outputs/logs/manifest-merger-debug-report.txt
-- Merging decision tree log ---
manifest
ADDED from src/main/AndroidManifest.xml:2:1-347:12
INJECTED from src/main/AndroidManifest.xml:2:1-347:12
INJECTED from src/main/AndroidManifest.xml:2:1-347:12
INJECTED from src/main/AndroidManifest.xml:2:1-347:12
MERGED from [com.github.scottyab:showhidepasswordedittext:0.8] AndroidManifest.xml:2:1-14:12
MERGED from [rebus:bottom-dialog:0.0.5] AndroidManifest.xml:25:1-36:12
MERGED from [ua.com.crosp.solutions.library:presenter-layout:0.1.1] AndroidManifest.xml:2:1-17:12
MERGED from [com.ashokvarma.android:bottom-navigation-bar:1.3.0] AndroidManifest.xml:2:1-15:12
MERGED from [com.android.support:design:26.1.0] AndroidManifest.xml:17:1-31:12
MERGED from [com.android.support:appcompat-v7:26.1.0] AndroidManifest.xml:17:1-31:12
MERGED from [com.baoyz.swipemenulistview:library:1.3.0] AndroidManifest.xml:2:1-11:12
MERGED from [com.github.chrisbanes:PhotoView:1.3.0] AndroidManifest.xml:2:1-12:12
MERGED from [com.google.firebase:firebase-messaging:17.1.0] AndroidManifest.xml:17:1-37:12
MERGED from [com.google.android.gms:play-services-maps:15.0.1] AndroidManifest.xml:17:1-32:12
MERGED from [com.google.android.gms:play-services-location:15.0.1] AndroidManifest.xml:2:1-9:12
MERGED from [com.google.firebase:firebase-core:16.0.1] AndroidManifest.xml:2:1-9:12
MERGED from [com.google.firebase:firebase-measurement-connector-impl:16.0.1] AndroidManifest.xml:17:1-34:12
MERGED from [com.google.firebase:firebase-analytics:16.0.1] AndroidManifest.xml:17:1-55:12
MERGED from [com.google.firebase:firebase-analytics-impl:16.1.1] AndroidManifest.xml:17:1-40:12
MERGED from [com.google.firebase:firebase-iid:16.2.0] AndroidManifest.xml:17:1-65:12
MERGED from [com.google.firebase:firebase-common:16.0.0] AndroidManifest.xml:2:1-16:12
MERGED from [com.google.firebase:firebase-iid-interop:16.0.0] AndroidManifest.xml:2:1-10:12
MERGED from [com.google.android.gms:play-services-base:15.0.1] AndroidManifest.xml:17:1-29:12
MERGED from [com.google.android.gms:play-services-tasks:15.0.1] AndroidManifest.xml:2:1-9:12
MERGED from [com.google.firebase:firebase-measurement-connector:16.0.0] AndroidManifest.xml:17:1-25:12
MERGED from [com.google.android.gms:play-services-places-placereport:15.0.1] AndroidManifest.xml:17:1-24:12
MERGED from [com.google.android.gms:play-services-stats:15.0.1] AndroidManifest.xml:2:1-9:12
MERGED from [com.google.android.gms:play-services-ads-identifier:15.0.1] AndroidManifest.xml:17:1-24:12
MERGED from [com.google.android.gms:play-services-basement:15.0.1] AndroidManifest.xml:17:1-28:12
MERGED from [com.github.gcacace:signature-pad:1.2.1] AndroidManifest.xml:2:1-13:12
MERGED from [com.android.databinding:adapters:1.2.1] AndroidManifest.xml:17:1-26:12
MERGED from [com.android.databinding:library:1.2.1] AndroidManifest.xml:17:1-26:12
MERGED from [com.joanzapata.iconify:android-iconify-fontawesome:2.2.2] AndroidManifest.xml:2:1-8:12
MERGED from [com.joanzapata.iconify:android-iconify:2.2.2] AndroidManifest.xml:2:1-8:12
MERGED from [com.android.support:transition:26.1.0] AndroidManifest.xml:17:1-28:12
MERGED from [com.android.support:support-v4:26.1.0] AndroidManifest.xml:17:1-31:12
MERGED from [com.android.support:cardview-v7:26.1.0] AndroidManifest.xml:17:1-28:12
MERGED from [com.google.maps.android:android-maps-utils:0.5] AndroidManifest.xml:2:1-13:12
MERGED from [de.hdodenhof:circleimageview:2.1.0] AndroidManifest.xml:2:1-11:12
MERGED from [com.github.d-max:spots-dialog:0.4] AndroidManifest.xml:2:1-14:12
MERGED from [com.android.support:multidex:1.0.3] AndroidManifest.xml:17:1-22:12
MERGED from [com.wang.avi:library:2.1.3] AndroidManifest.xml:2:1-11:12
MERGED from [com.android.support:animated-vector-drawable:26.1.0] AndroidManifest.xml:17:1-28:12
MERGED from [com.android.support:support-vector-drawable:26.1.0] AndroidManifest.xml:17:1-28:12
MERGED from [com.android.support:recyclerview-v7:26.1.0] AndroidManifest.xml:17:1-28:12
MERGED from [com.android.support:support-fragment:26.1.0] AndroidManifest.xml:17:1-31:12
MERGED from [com.android.support:support-core-ui:26.1.0] AndroidManifest.xml:17:1-31:12
MERGED from [com.android.support:support-media-compat:26.1.0] AndroidManifest.xml:17:1-31:12
MERGED from [com.android.support:support-core-utils:26.1.0] AndroidManifest.xml:17:1-31:12
MERGED from [com.android.support:support-compat:26.1.0] AndroidManifest.xml:17:1-31:12
MERGED from [com.google.android.gms:play-services-measurement-base:16.0.0] AndroidManifest.xml:17:1-24:12
MERGED from [android.arch.lifecycle:runtime:1.0.0] AndroidManifest.xml:17:1-30:12
INJECTED from src/main/AndroidManifest.xml:2:1-347:12
INJECTED from src/main/AndroidManifest.xml:2:1-347:12
INJECTED from src/main/AndroidManifest.xml:2:1-347:12
	package
		ADDED from src/main/AndroidManifest.xml:4:5-30
		INJECTED from src/main/AndroidManifest.xml
		INJECTED from src/main/AndroidManifest.xml
	android:versionName
		INJECTED from src/main/AndroidManifest.xml
		ADDED from src/main/AndroidManifest.xml:2:1-347:12
		INJECTED from src/main/AndroidManifest.xml
	xmlns:tools
		ADDED from src/main/AndroidManifest.xml:3:5-51
	android:versionCode
		INJECTED from src/main/AndroidManifest.xml
		ADDED from src/main/AndroidManifest.xml:2:1-347:12
		INJECTED from src/main/AndroidManifest.xml
	xmlns:android
		ADDED from src/main/AndroidManifest.xml:2:11-69
uses-permission#android.permission.INTERNET
ADDED from src/main/AndroidManifest.xml:6:5-67
MERGED from [com.google.android.gms:play-services-maps:15.0.1] AndroidManifest.xml:24:5-67
MERGED from [com.google.android.gms:play-services-maps:15.0.1] AndroidManifest.xml:24:5-67
MERGED from [com.google.firebase:firebase-measurement-connector-impl:16.0.1] AndroidManifest.xml:22:5-67
MERGED from [com.google.firebase:firebase-measurement-connector-impl:16.0.1] AndroidManifest.xml:22:5-67
MERGED from [com.google.firebase:firebase-analytics:16.0.1] AndroidManifest.xml:23:5-67
MERGED from [com.google.firebase:firebase-analytics:16.0.1] AndroidManifest.xml:23:5-67
MERGED from [com.google.firebase:firebase-analytics-impl:16.1.1] AndroidManifest.xml:23:5-67
MERGED from [com.google.firebase:firebase-analytics-impl:16.1.1] AndroidManifest.xml:23:5-67
MERGED from [com.google.firebase:firebase-iid:16.2.0] AndroidManifest.xml:23:5-67
MERGED from [com.google.firebase:firebase-iid:16.2.0] AndroidManifest.xml:23:5-67
	android:name
		ADDED from src/main/AndroidManifest.xml:6:22-64
uses-permission#android.permission.CALL_PHONE
ADDED from src/main/AndroidManifest.xml:7:5-69
	android:name
		ADDED from src/main/AndroidManifest.xml:7:22-66
uses-permission#android.permission.READ_EXTERNAL_STORAGE
ADDED from src/main/AndroidManifest.xml:8:5-80
	android:name
		ADDED from src/main/AndroidManifest.xml:8:22-77
uses-permission#android.permission.WRITE_EXTERNAL_STORAGE
ADDED from src/main/AndroidManifest.xml:9:5-81
	android:name
		ADDED from src/main/AndroidManifest.xml:9:22-78
uses-permission#android.permission.ACCESS_NETWORK_STATE
ADDED from src/main/AndroidManifest.xml:10:5-79
MERGED from [com.google.android.gms:play-services-maps:15.0.1] AndroidManifest.xml:23:5-79
MERGED from [com.google.android.gms:play-services-maps:15.0.1] AndroidManifest.xml:23:5-79
MERGED from [com.google.firebase:firebase-measurement-connector-impl:16.0.1] AndroidManifest.xml:23:5-79
MERGED from [com.google.firebase:firebase-measurement-connector-impl:16.0.1] AndroidManifest.xml:23:5-79
MERGED from [com.google.firebase:firebase-analytics:16.0.1] AndroidManifest.xml:24:5-79
MERGED from [com.google.firebase:firebase-analytics:16.0.1] AndroidManifest.xml:24:5-79
MERGED from [com.google.firebase:firebase-analytics-impl:16.1.1] AndroidManifest.xml:24:5-79
MERGED from [com.google.firebase:firebase-analytics-impl:16.1.1] AndroidManifest.xml:24:5-79
MERGED from [com.google.firebase:firebase-iid:16.2.0] AndroidManifest.xml:22:5-79
MERGED from [com.google.firebase:firebase-iid:16.2.0] AndroidManifest.xml:22:5-79
	android:name
		ADDED from src/main/AndroidManifest.xml:10:22-76
uses-permission#android.permission.WRITE_SETTINGS
ADDED from src/main/AndroidManifest.xml:11:5-13:47
	tools:ignore
		ADDED from src/main/AndroidManifest.xml:13:9-44
	android:name
		ADDED from src/main/AndroidManifest.xml:12:9-57
uses-permission#android.permission.WRITE_SECURE_SETTINGS
ADDED from src/main/AndroidManifest.xml:14:5-16:47
	tools:ignore
		ADDED from src/main/AndroidManifest.xml:16:9-44
	android:name
		ADDED from src/main/AndroidManifest.xml:15:9-64
uses-permission#android.permission.ACCESS_FINE_LOCATION
ADDED from src/main/AndroidManifest.xml:18:5-79
	android:name
		ADDED from src/main/AndroidManifest.xml:18:22-76
uses-permission#android.permission.ACCESS_COARSE_LOCATION
ADDED from src/main/AndroidManifest.xml:19:5-81
	android:name
		ADDED from src/main/AndroidManifest.xml:19:22-78
uses-permission#android.permission.WAKE_LOCK
ADDED from src/main/AndroidManifest.xml:20:5-68
MERGED from [com.google.firebase:firebase-measurement-connector-impl:16.0.1] AndroidManifest.xml:24:5-68
MERGED from [com.google.firebase:firebase-measurement-connector-impl:16.0.1] AndroidManifest.xml:24:5-68
MERGED from [com.google.firebase:firebase-analytics:16.0.1] AndroidManifest.xml:25:5-68
MERGED from [com.google.firebase:firebase-analytics:16.0.1] AndroidManifest.xml:25:5-68
MERGED from [com.google.firebase:firebase-analytics-impl:16.1.1] AndroidManifest.xml:25:5-68
MERGED from [com.google.firebase:firebase-analytics-impl:16.1.1] AndroidManifest.xml:25:5-68
MERGED from [com.google.firebase:firebase-iid:16.2.0] AndroidManifest.xml:24:5-68
MERGED from [com.google.firebase:firebase-iid:16.2.0] AndroidManifest.xml:24:5-68
	android:name
		ADDED from src/main/AndroidManifest.xml:20:22-65
uses-permission#com.google.android.c2dm.permission.RECEIVE
ADDED from src/main/AndroidManifest.xml:21:5-82
MERGED from [com.google.firebase:firebase-iid:16.2.0] AndroidManifest.xml:26:5-82
MERGED from [com.google.firebase:firebase-iid:16.2.0] AndroidManifest.xml:26:5-82
	android:name
		ADDED from src/main/AndroidManifest.xml:21:22-79
uses-feature#android.hardware.camera
ADDED from src/main/AndroidManifest.xml:23:5-25:43
	tools:ignore
		ADDED from src/main/AndroidManifest.xml:25:9-40
	android:name
		ADDED from src/main/AndroidManifest.xml:24:9-47
permission#com.cable.cloud.permission.C2D_MESSAGE
ADDED from src/main/AndroidManifest.xml:27:5-29:47
MERGED from [com.google.firebase:firebase-iid:16.2.0] AndroidManifest.xml:28:5-30:47
	android:protectionLevel
		ADDED from src/main/AndroidManifest.xml:29:9-44
	android:name
		ADDED from src/main/AndroidManifest.xml:28:9-62
uses-permission#com.cable.cloud.permission.C2D_MESSAGE
ADDED from src/main/AndroidManifest.xml:31:5-78
MERGED from [com.google.firebase:firebase-iid:16.2.0] AndroidManifest.xml:32:5-79
	android:name
		ADDED from src/main/AndroidManifest.xml:31:22-75
application
ADDED from src/main/AndroidManifest.xml:33:5-345:19
MERGED from [com.github.scottyab:showhidepasswordedittext:0.8] AndroidManifest.xml:11:5-12:19
MERGED from [com.github.scottyab:showhidepasswordedittext:0.8] AndroidManifest.xml:11:5-12:19
MERGED from [rebus:bottom-dialog:0.0.5] AndroidManifest.xml:34:5-53
MERGED from [rebus:bottom-dialog:0.0.5] AndroidManifest.xml:34:5-53
MERGED from [ua.com.crosp.solutions.library:presenter-layout:0.1.1] AndroidManifest.xml:11:5-15:19
MERGED from [ua.com.crosp.solutions.library:presenter-layout:0.1.1] AndroidManifest.xml:11:5-15:19
MERGED from [com.ashokvarma.android:bottom-navigation-bar:1.3.0] AndroidManifest.xml:11:5-13:38
MERGED from [com.ashokvarma.android:bottom-navigation-bar:1.3.0] AndroidManifest.xml:11:5-13:38
MERGED from [com.android.support:design:26.1.0] AndroidManifest.xml:25:5-29:19
MERGED from [com.android.support:design:26.1.0] AndroidManifest.xml:25:5-29:19
MERGED from [com.android.support:appcompat-v7:26.1.0] AndroidManifest.xml:25:5-29:19
MERGED from [com.android.support:appcompat-v7:26.1.0] AndroidManifest.xml:25:5-29:19
MERGED from [com.google.firebase:firebase-messaging:17.1.0] AndroidManifest.xml:22:5-35:19
MERGED from [com.google.firebase:firebase-messaging:17.1.0] AndroidManifest.xml:22:5-35:19
MERGED from [com.google.android.gms:play-services-maps:15.0.1] AndroidManifest.xml:30:5-20
MERGED from [com.google.android.gms:play-services-maps:15.0.1] AndroidManifest.xml:30:5-20
MERGED from [com.google.android.gms:play-services-location:15.0.1] AndroidManifest.xml:7:5-20
MERGED from [com.google.android.gms:play-services-location:15.0.1] AndroidManifest.xml:7:5-20
MERGED from [com.google.firebase:firebase-core:16.0.1] AndroidManifest.xml:7:5-20
MERGED from [com.google.firebase:firebase-core:16.0.1] AndroidManifest.xml:7:5-20
MERGED from [com.google.firebase:firebase-measurement-connector-impl:16.0.1] AndroidManifest.xml:26:5-32:19
MERGED from [com.google.firebase:firebase-measurement-connector-impl:16.0.1] AndroidManifest.xml:26:5-32:19
MERGED from [com.google.firebase:firebase-analytics:16.0.1] AndroidManifest.xml:28:5-53:19
MERGED from [com.google.firebase:firebase-analytics:16.0.1] AndroidManifest.xml:28:5-53:19
MERGED from [com.google.firebase:firebase-analytics-impl:16.1.1] AndroidManifest.xml:28:5-38:19
MERGED from [com.google.firebase:firebase-analytics-impl:16.1.1] AndroidManifest.xml:28:5-38:19
MERGED from [com.google.firebase:firebase-iid:16.2.0] AndroidManifest.xml:34:5-63:19
MERGED from [com.google.firebase:firebase-iid:16.2.0] AndroidManifest.xml:34:5-63:19
MERGED from [com.google.firebase:firebase-common:16.0.0] AndroidManifest.xml:8:5-14:19
MERGED from [com.google.firebase:firebase-common:16.0.0] AndroidManifest.xml:8:5-14:19
MERGED from [com.google.firebase:firebase-iid-interop:16.0.0] AndroidManifest.xml:7:5-8:19
MERGED from [com.google.firebase:firebase-iid-interop:16.0.0] AndroidManifest.xml:7:5-8:19
MERGED from [com.google.android.gms:play-services-base:15.0.1] AndroidManifest.xml:22:5-27:19
MERGED from [com.google.android.gms:play-services-base:15.0.1] AndroidManifest.xml:22:5-27:19
MERGED from [com.google.android.gms:play-services-tasks:15.0.1] AndroidManifest.xml:7:5-20
MERGED from [com.google.android.gms:play-services-tasks:15.0.1] AndroidManifest.xml:7:5-20
MERGED from [com.google.firebase:firebase-measurement-connector:16.0.0] AndroidManifest.xml:22:5-23:19
MERGED from [com.google.firebase:firebase-measurement-connector:16.0.0] AndroidManifest.xml:22:5-23:19
MERGED from [com.google.android.gms:play-services-places-placereport:15.0.1] AndroidManifest.xml:22:5-20
MERGED from [com.google.android.gms:play-services-places-placereport:15.0.1] AndroidManifest.xml:22:5-20
MERGED from [com.google.android.gms:play-services-stats:15.0.1] AndroidManifest.xml:7:5-20
MERGED from [com.google.android.gms:play-services-stats:15.0.1] AndroidManifest.xml:7:5-20
MERGED from [com.google.android.gms:play-services-ads-identifier:15.0.1] AndroidManifest.xml:22:5-20
MERGED from [com.google.android.gms:play-services-ads-identifier:15.0.1] AndroidManifest.xml:22:5-20
MERGED from [com.google.android.gms:play-services-basement:15.0.1] AndroidManifest.xml:22:5-26:19
MERGED from [com.google.android.gms:play-services-basement:15.0.1] AndroidManifest.xml:22:5-26:19
MERGED from [com.github.gcacace:signature-pad:1.2.1] AndroidManifest.xml:11:5-20
MERGED from [com.github.gcacace:signature-pad:1.2.1] AndroidManifest.xml:11:5-20
MERGED from [com.android.support:transition:26.1.0] AndroidManifest.xml:22:5-26:19
MERGED from [com.android.support:transition:26.1.0] AndroidManifest.xml:22:5-26:19
MERGED from [com.android.support:support-v4:26.1.0] AndroidManifest.xml:25:5-29:19
MERGED from [com.android.support:support-v4:26.1.0] AndroidManifest.xml:25:5-29:19
MERGED from [com.android.support:cardview-v7:26.1.0] AndroidManifest.xml:22:5-26:19
MERGED from [com.android.support:cardview-v7:26.1.0] AndroidManifest.xml:22:5-26:19
MERGED from [com.google.maps.android:android-maps-utils:0.5] AndroidManifest.xml:7:5-11:19
MERGED from [com.google.maps.android:android-maps-utils:0.5] AndroidManifest.xml:7:5-11:19
MERGED from [de.hdodenhof:circleimageview:2.1.0] AndroidManifest.xml:9:5-20
MERGED from [de.hdodenhof:circleimageview:2.1.0] AndroidManifest.xml:9:5-20
MERGED from [com.github.d-max:spots-dialog:0.4] AndroidManifest.xml:12:5-20
MERGED from [com.github.d-max:spots-dialog:0.4] AndroidManifest.xml:12:5-20
MERGED from [com.android.support:animated-vector-drawable:26.1.0] AndroidManifest.xml:22:5-26:19
MERGED from [com.android.support:animated-vector-drawable:26.1.0] AndroidManifest.xml:22:5-26:19
MERGED from [com.android.support:support-vector-drawable:26.1.0] AndroidManifest.xml:22:5-26:19
MERGED from [com.android.support:support-vector-drawable:26.1.0] AndroidManifest.xml:22:5-26:19
MERGED from [com.android.support:recyclerview-v7:26.1.0] AndroidManifest.xml:22:5-26:19
MERGED from [com.android.support:recyclerview-v7:26.1.0] AndroidManifest.xml:22:5-26:19
MERGED from [com.android.support:support-fragment:26.1.0] AndroidManifest.xml:25:5-29:19
MERGED from [com.android.support:support-fragment:26.1.0] AndroidManifest.xml:25:5-29:19
MERGED from [com.android.support:support-core-ui:26.1.0] AndroidManifest.xml:25:5-29:19
MERGED from [com.android.support:support-core-ui:26.1.0] AndroidManifest.xml:25:5-29:19
MERGED from [com.android.support:support-media-compat:26.1.0] AndroidManifest.xml:25:5-29:19
MERGED from [com.android.support:support-media-compat:26.1.0] AndroidManifest.xml:25:5-29:19
MERGED from [com.android.support:support-core-utils:26.1.0] AndroidManifest.xml:25:5-29:19
MERGED from [com.android.support:support-core-utils:26.1.0] AndroidManifest.xml:25:5-29:19
MERGED from [com.android.support:support-compat:26.1.0] AndroidManifest.xml:25:5-29:19
MERGED from [com.android.support:support-compat:26.1.0] AndroidManifest.xml:25:5-29:19
MERGED from [com.google.android.gms:play-services-measurement-base:16.0.0] AndroidManifest.xml:22:5-20
MERGED from [com.google.android.gms:play-services-measurement-base:16.0.0] AndroidManifest.xml:22:5-20
MERGED from [android.arch.lifecycle:runtime:1.0.0] AndroidManifest.xml:24:5-28:19
MERGED from [android.arch.lifecycle:runtime:1.0.0] AndroidManifest.xml:24:5-28:19
	android:supportsRtl
		ADDED from src/main/AndroidManifest.xml:40:9-35
	android:label
		ADDED from src/main/AndroidManifest.xml:38:9-41
	android:hardwareAccelerated
		ADDED from src/main/AndroidManifest.xml:36:9-43
	android:largeHeap
		ADDED from src/main/AndroidManifest.xml:39:9-33
	android:icon
		ADDED from src/main/AndroidManifest.xml:37:9-43
	android:allowBackup
		ADDED from src/main/AndroidManifest.xml:35:9-35
	android:theme
		ADDED from src/main/AndroidManifest.xml:41:9-40
	android:name
		ADDED from src/main/AndroidManifest.xml:34:9-61
meta-data#com.google.android.gms.version
ADDED from src/main/AndroidManifest.xml:42:9-44:69
MERGED from [com.google.android.gms:play-services-basement:15.0.1] AndroidManifest.xml:23:9-25:69
MERGED from [com.google.android.gms:play-services-basement:15.0.1] AndroidManifest.xml:23:9-25:69
MERGED from [com.google.maps.android:android-maps-utils:0.5] AndroidManifest.xml:8:9-10:69
MERGED from [com.google.maps.android:android-maps-utils:0.5] AndroidManifest.xml:8:9-10:69
	android:value
		ADDED from src/main/AndroidManifest.xml:44:13-66
	android:name
		ADDED from src/main/AndroidManifest.xml:43:13-58
activity#com.cable.cloud.activities.LoginActivity
ADDED from src/main/AndroidManifest.xml:46:9-49:73
	android:screenOrientation
		ADDED from src/main/AndroidManifest.xml:48:13-49
	android:windowSoftInputMode
		ADDED from src/main/AndroidManifest.xml:49:13-70
	android:name
		ADDED from src/main/AndroidManifest.xml:47:13-68
activity#com.cable.cloud.activities.DashBoardActivity
ADDED from src/main/AndroidManifest.xml:51:9-55:73
	android:screenOrientation
		ADDED from src/main/AndroidManifest.xml:54:13-49
	android:label
		ADDED from src/main/AndroidManifest.xml:53:13-62
	android:windowSoftInputMode
		ADDED from src/main/AndroidManifest.xml:55:13-70
	android:name
		ADDED from src/main/AndroidManifest.xml:52:13-72
activity#com.cable.cloud.activities.CustomerListActivity
ADDED from src/main/AndroidManifest.xml:56:9-64:20
	android:screenOrientation
		ADDED from src/main/AndroidManifest.xml:59:13-49
	android:parentActivityName
		ADDED from src/main/AndroidManifest.xml:58:13-86
	android:windowSoftInputMode
		ADDED from src/main/AndroidManifest.xml:60:13-70
	android:name
		ADDED from src/main/AndroidManifest.xml:57:13-75
meta-data#android.app.searchable
ADDED from src/main/AndroidManifest.xml:61:13-63:54
	android:resource
		ADDED from src/main/AndroidManifest.xml:63:17-51
	android:name
		ADDED from src/main/AndroidManifest.xml:62:17-54
activity#com.cable.cloud.activities.CustomerOnlineDetailsActivity
ADDED from src/main/AndroidManifest.xml:65:9-72:20
	android:screenOrientation
		ADDED from src/main/AndroidManifest.xml:67:13-49
	android:windowSoftInputMode
		ADDED from src/main/AndroidManifest.xml:68:13-70
	android:name
		ADDED from src/main/AndroidManifest.xml:66:13-84
meta-data#android.support.PARENT_ACTIVITY
ADDED from src/main/AndroidManifest.xml:69:13-71:83
	android:value
		ADDED from src/main/AndroidManifest.xml:71:17-80
	android:name
		ADDED from src/main/AndroidManifest.xml:70:17-63
activity#com.cable.cloud.activities.TransactionStatusActivity
ADDED from src/main/AndroidManifest.xml:73:9-76:73
	android:screenOrientation
		ADDED from src/main/AndroidManifest.xml:75:13-49
	android:windowSoftInputMode
		ADDED from src/main/AndroidManifest.xml:76:13-70
	android:name
		ADDED from src/main/AndroidManifest.xml:74:13-80
activity#com.cable.cloud.activities.CustomerSignatureActivity
ADDED from src/main/AndroidManifest.xml:78:9-86:20
	android:screenOrientation
		ADDED from src/main/AndroidManifest.xml:80:13-49
	android:windowSoftInputMode
		ADDED from src/main/AndroidManifest.xml:81:13-70
	android:name
		ADDED from src/main/AndroidManifest.xml:79:13-80
activity#com.cable.cloud.activities.CollectionAreaActivity
ADDED from src/main/AndroidManifest.xml:88:9-95:20
	android:screenOrientation
		ADDED from src/main/AndroidManifest.xml:90:13-49
	android:windowSoftInputMode
		ADDED from src/main/AndroidManifest.xml:91:13-70
	android:name
		ADDED from src/main/AndroidManifest.xml:89:13-77
activity#com.cable.cloud.activities.CollectionCustomerDetailsActivity
ADDED from src/main/AndroidManifest.xml:97:9-107:20
	android:screenOrientation
		ADDED from src/main/AndroidManifest.xml:99:13-49
	android:windowSoftInputMode
		ADDED from src/main/AndroidManifest.xml:100:13-70
	android:name
		ADDED from src/main/AndroidManifest.xml:98:13-88
activity#com.cable.cloud.ComplainDetails
ADDED from src/main/AndroidManifest.xml:108:9-115:20
	android:screenOrientation
		ADDED from src/main/AndroidManifest.xml:110:13-49
	android:windowSoftInputMode
		ADDED from src/main/AndroidManifest.xml:111:13-70
	android:name
		ADDED from src/main/AndroidManifest.xml:109:13-59
activity#com.cable.cloud.SearchWithCustomerListInComplains
ADDED from src/main/AndroidManifest.xml:116:9-126:20
	android:screenOrientation
		ADDED from src/main/AndroidManifest.xml:118:13-49
	android:windowSoftInputMode
		ADDED from src/main/AndroidManifest.xml:119:13-70
	android:name
		ADDED from src/main/AndroidManifest.xml:117:13-77
activity#com.cable.cloud.ComplainListviaCustomerActivity
ADDED from src/main/AndroidManifest.xml:127:9-134:20
	android:screenOrientation
		ADDED from src/main/AndroidManifest.xml:129:13-49
	android:windowSoftInputMode
		ADDED from src/main/AndroidManifest.xml:130:13-70
	android:name
		ADDED from src/main/AndroidManifest.xml:128:13-75
activity#com.cable.cloud.activities.AreaListInCustomersActivity
ADDED from src/main/AndroidManifest.xml:135:9-142:20
	android:screenOrientation
		ADDED from src/main/AndroidManifest.xml:137:13-49
	android:windowSoftInputMode
		ADDED from src/main/AndroidManifest.xml:138:13-70
	android:name
		ADDED from src/main/AndroidManifest.xml:136:13-82
activity#com.cable.cloud.activities.CustomerMasterDetailsActivity
ADDED from src/main/AndroidManifest.xml:143:9-150:20
	android:screenOrientation
		ADDED from src/main/AndroidManifest.xml:145:13-49
	android:windowSoftInputMode
		ADDED from src/main/AndroidManifest.xml:146:13-52
	android:name
		ADDED from src/main/AndroidManifest.xml:144:13-84
activity#com.cable.cloud.activities.SmsLogActivity
ADDED from src/main/AndroidManifest.xml:151:9-158:20
	android:screenOrientation
		ADDED from src/main/AndroidManifest.xml:153:13-49
	android:windowSoftInputMode
		ADDED from src/main/AndroidManifest.xml:154:13-70
	android:name
		ADDED from src/main/AndroidManifest.xml:152:13-69
activity#com.cable.cloud.Bill_details
ADDED from src/main/AndroidManifest.xml:159:9-166:20
	android:screenOrientation
		ADDED from src/main/AndroidManifest.xml:161:13-49
	android:windowSoftInputMode
		ADDED from src/main/AndroidManifest.xml:162:13-70
	android:name
		ADDED from src/main/AndroidManifest.xml:160:13-56
activity#com.cable.cloud.PackageDetails
ADDED from src/main/AndroidManifest.xml:167:9-174:20
	android:screenOrientation
		ADDED from src/main/AndroidManifest.xml:169:13-49
	android:windowSoftInputMode
		ADDED from src/main/AndroidManifest.xml:170:13-70
	android:name
		ADDED from src/main/AndroidManifest.xml:168:13-58
activity#com.cable.cloud.Contact_details
ADDED from src/main/AndroidManifest.xml:175:9-182:20
	android:screenOrientation
		ADDED from src/main/AndroidManifest.xml:177:13-49
	android:windowSoftInputMode
		ADDED from src/main/AndroidManifest.xml:178:13-70
	android:name
		ADDED from src/main/AndroidManifest.xml:176:13-59
activity#com.cable.cloud.Payment_details
ADDED from src/main/AndroidManifest.xml:183:9-190:20
	android:screenOrientation
		ADDED from src/main/AndroidManifest.xml:185:13-49
	android:windowSoftInputMode
		ADDED from src/main/AndroidManifest.xml:186:13-70
	android:name
		ADDED from src/main/AndroidManifest.xml:184:13-59
receiver#com.cable.cloud.helpers.ConnectivityReceiver
ADDED from src/main/AndroidManifest.xml:192:9-199:20
	android:name
		ADDED from src/main/AndroidManifest.xml:192:19-78
intent-filter#action:name:android.net.conn.CONNECTIVITY_CHANGE+action:name:android.net.wifi.WIFI_STATE_CHANGED
ADDED from src/main/AndroidManifest.xml:193:13-198:29
action#android.net.conn.CONNECTIVITY_CHANGE
ADDED from src/main/AndroidManifest.xml:194:17-196:50
	tools:ignore
		ADDED from src/main/AndroidManifest.xml:196:21-47
	android:name
		ADDED from src/main/AndroidManifest.xml:195:21-72
action#android.net.wifi.WIFI_STATE_CHANGED
ADDED from src/main/AndroidManifest.xml:197:17-78
	android:name
		ADDED from src/main/AndroidManifest.xml:197:25-75
service#com.cable.cloud.helpers.LocationService
ADDED from src/main/AndroidManifest.xml:201:9-203:55
	android:process
		ADDED from src/main/AndroidManifest.xml:203:13-52
	android:name
		ADDED from src/main/AndroidManifest.xml:202:13-67
protected-broadcast
ADDED from src/main/AndroidManifest.xml:205:9-83
	android:name
		ADDED from src/main/AndroidManifest.xml:205:30-80
activity#com.cable.cloud.activities.NoConnectionActivity
ADDED from src/main/AndroidManifest.xml:207:9-210:73
	android:screenOrientation
		ADDED from src/main/AndroidManifest.xml:209:13-49
	android:windowSoftInputMode
		ADDED from src/main/AndroidManifest.xml:210:13-70
	android:name
		ADDED from src/main/AndroidManifest.xml:208:13-75
activity#com.cable.cloud.AddCustomer_1
ADDED from src/main/AndroidManifest.xml:211:9-218:20
	android:screenOrientation
		ADDED from src/main/AndroidManifest.xml:213:13-49
	android:windowSoftInputMode
		ADDED from src/main/AndroidManifest.xml:214:13-70
	android:name
		ADDED from src/main/AndroidManifest.xml:212:13-57
activity#com.cable.cloud.AddCustomer_2
ADDED from src/main/AndroidManifest.xml:219:9-226:20
	android:screenOrientation
		ADDED from src/main/AndroidManifest.xml:221:13-49
	android:windowSoftInputMode
		ADDED from src/main/AndroidManifest.xml:222:13-70
	android:name
		ADDED from src/main/AndroidManifest.xml:220:13-57
activity#com.cable.cloud.AddCustomer_4
ADDED from src/main/AndroidManifest.xml:227:9-234:20
	android:screenOrientation
		ADDED from src/main/AndroidManifest.xml:229:13-49
	android:windowSoftInputMode
		ADDED from src/main/AndroidManifest.xml:230:13-70
	android:name
		ADDED from src/main/AndroidManifest.xml:228:13-57
activity#com.cable.cloud.AddCustomer_3
ADDED from src/main/AndroidManifest.xml:235:9-242:20
	android:screenOrientation
		ADDED from src/main/AndroidManifest.xml:237:13-49
	android:windowSoftInputMode
		ADDED from src/main/AndroidManifest.xml:238:13-70
	android:name
		ADDED from src/main/AndroidManifest.xml:236:13-57
activity#com.cable.cloud.Remider_details
ADDED from src/main/AndroidManifest.xml:243:9-250:20
	android:screenOrientation
		ADDED from src/main/AndroidManifest.xml:245:13-49
	android:windowSoftInputMode
		ADDED from src/main/AndroidManifest.xml:246:13-70
	android:name
		ADDED from src/main/AndroidManifest.xml:244:13-59
activity#com.cable.cloud.Attachment_details
ADDED from src/main/AndroidManifest.xml:251:9-258:20
	android:screenOrientation
		ADDED from src/main/AndroidManifest.xml:253:13-49
	android:windowSoftInputMode
		ADDED from src/main/AndroidManifest.xml:254:13-70
	android:name
		ADDED from src/main/AndroidManifest.xml:252:13-62
meta-data#com.google.android.geo.API_KEY
ADDED from src/main/AndroidManifest.xml:260:9-262:55
	android:value
		ADDED from src/main/AndroidManifest.xml:262:13-52
	android:name
		ADDED from src/main/AndroidManifest.xml:261:13-58
activity#com.cable.cloud.activities.MapsActivity
ADDED from src/main/AndroidManifest.xml:264:9-272:20
	android:screenOrientation
		ADDED from src/main/AndroidManifest.xml:266:13-49
	android:windowSoftInputMode
		ADDED from src/main/AndroidManifest.xml:267:13-70
	android:name
		ADDED from src/main/AndroidManifest.xml:265:13-67
activity#com.cable.cloud.FullImageActivity
ADDED from src/main/AndroidManifest.xml:273:9-276:73
	android:screenOrientation
		ADDED from src/main/AndroidManifest.xml:275:13-49
	android:windowSoftInputMode
		ADDED from src/main/AndroidManifest.xml:276:13-70
	android:name